07:57:18:161 [ALWAYS]	GUDE Logging Started
07:57:18:163 [INFO]	SqliteResumeCache::SqliteResumeCache basedirectory is null/empty
07:57:18:163 [ERROR]	SqliteResumeCache::CreateSqliteResumeCache creating resume cache pointer failure
07:57:18:163 [ERROR]	Initialize resume cache pointer failure
07:57:18:164 [INFO]	gude policy POLICY_USER limit (4,4,1) chunk 2097152, chunking (UL 0 DL 1), resXfer 1, adapt 0, NSURL 1, timeout 86400 
07:57:18:164 [INFO]	Initialized -- gude-lib version: v0.12.1 app: gude
08:00:20:920 [ALWAYS]	GUDE Logging Started
08:00:20:923 [INFO]	SqliteResumeCache::SqliteResumeCache basedirectory is null/empty
08:00:20:923 [ERROR]	SqliteResumeCache::CreateSqliteResumeCache creating resume cache pointer failure
08:00:20:923 [ERROR]	Initialize resume cache pointer failure
08:00:20:924 [INFO]	gude policy POLICY_USER limit (2,2,1) chunk 2097152, chunking (UL 0 DL 1), resXfer 1, adapt 0, NSURL 0, timeout 86400 
08:00:20:924 [INFO]	Initialized -- gude-lib version: v0.12.1 app: gude
08:00:22:162 [WARN]	Ignoring attempt to reinit logging to \gude at level 4 retaining 3 days of logs
08:00:22:163 [INFO]	SqliteResumeCache::SqliteResumeCache basedirectory is null/empty
08:00:22:163 [ERROR]	SqliteResumeCache::CreateSqliteResumeCache creating resume cache pointer failure
08:00:22:163 [ERROR]	Initialize resume cache pointer failure
08:00:22:163 [INFO]	gude policy POLICY_USER limit (4,4,1) chunk 2097152, chunking (UL 0 DL 1), resXfer 1, adapt 0, NSURL 1, timeout 86400 
08:00:22:164 [INFO]	Initialized -- gude-lib version: v0.12.1 app: gude
08:00:34:943 [ALWAYS]	GUDE Logging Started
08:00:34:944 [INFO]	SqliteResumeCache::SqliteResumeCache basedirectory is null/empty
08:00:34:944 [ERROR]	SqliteResumeCache::CreateSqliteResumeCache creating resume cache pointer failure
08:00:34:944 [ERROR]	Initialize resume cache pointer failure
08:00:34:945 [INFO]	gude policy POLICY_USER limit (2,2,1) chunk 2097152, chunking (UL 0 DL 1), resXfer 1, adapt 0, NSURL 0, timeout 86400 
08:00:34:945 [INFO]	Initialized -- gude-lib version: v0.12.1 app: gude
08:00:36:203 [WARN]	Ignoring attempt to reinit logging to \gude at level 4 retaining 3 days of logs
08:00:36:203 [INFO]	SqliteResumeCache::SqliteResumeCache basedirectory is null/empty
08:00:36:203 [ERROR]	SqliteResumeCache::CreateSqliteResumeCache creating resume cache pointer failure
08:00:36:204 [ERROR]	Initialize resume cache pointer failure
08:00:36:204 [INFO]	gude policy POLICY_USER limit (4,4,1) chunk 2097152, chunking (UL 0 DL 1), resXfer 1, adapt 0, NSURL 1, timeout 86400 
08:00:36:204 [INFO]	Initialized -- gude-lib version: v0.12.1 app: gude
